<?xml version="1.0" encoding="UTF-8"?>
<testsuites name="Mocha Tests" time="115.719" tests="17" failures="0">
  <testsuite name="Root Suite" timestamp="2019-08-19T08:58:30" tests="0" failures="0" time="0">
  </testsuite>
  <testsuite name="password format test suite" timestamp="2019-08-19T08:58:30" tests="0" file="/home/aion/miao_ws/appium_ws/test_cases/password.test.js" failures="0" time="0">
  </testsuite>
  <testsuite name="password on register" timestamp="2019-08-19T08:58:35" tests="5" file="/home/aion/miao_ws/appium_ws/test_cases/password.test.js" failures="0" time="29.408">
    <testcase name="password format test suite password on register APR#1:registration password too long" time="5.934" classname="APR#1:registration password too long">
      <system-out>--------------------------------password on register/Pre-steps: landing on registerPage---------------------------

[INFO] click on Register button
--------------------------------password on register/Pre-steps: done---------------------------

--------------------------------password on register/pre-each: checking if on registration section---------------------------

--------------------------------password on register/pre-each: completed---------------------------

--------------------------------APR#1:registration password too long---------------------------

[INFO] random generated password:   OvrccyNmM9WN#NP7xrSgRVWp
[INFO] Verify error popup
[INFO] Get expected error message, click ok
--------------------------------APR#1 passed---------------------------
</system-out>
    </testcase>
    <testcase name="password format test suite password on register APR#2:registration password too short" time="4.855" classname="APR#2:registration password too short">
      <system-out>--------------------------------password on register/pre-each: checking if on registration section---------------------------

--------------------------------password on register/pre-each: completed---------------------------

--------------------------------APR#2:registration password too short---------------------------

[INFO] random generated password:     C7
[INFO] Verify error popup
[INFO] Get expected error message, click ok
--------------------------------APR#2 passed---------------------------
</system-out>
    </testcase>
    <testcase name="password format test suite password on register APR#3:registration password contains invaild characters" time="4.809" classname="APR#3:registration password contains invaild characters">
      <system-out>--------------------------------password on register/pre-each: checking if on registration section---------------------------

--------------------------------password on register/pre-each: completed---------------------------

--------------------------------APR#3:registration password contains invaild characters---------------------------

[INFO] random generated password:     szKxwnf=`
[INFO] Verify error popup
[INFO] Get expected error message, click ok
--------------------------------APR#3 passed---------------------------
</system-out>
    </testcase>
    <testcase name="password format test suite password on register APR#4:registration passwords unmatch" time="5.67" classname="APR#4:registration passwords unmatch">
      <system-out>--------------------------------password on register/pre-each: checking if on registration section---------------------------

--------------------------------password on register/pre-each: completed---------------------------

--------------------------------APR#3:registration passwords unmatch---------------------------

[INFO] random generated password1:     OTedqRJWJPiG7
[INFO] random generated password2:     dFCmBhKhK80
[INFO] Verify error popup
[INFO] Get expected error message, click ok
--------------------------------APR#4 passed---------------------------
</system-out>
    </testcase>
    <testcase name="password format test suite password on register APR#5:registration password success" time="8.14" classname="APR#5:registration password success">
      <system-out>--------------------------------password on register/pre-each: checking if on registration section---------------------------

--------------------------------password on register/pre-each: completed---------------------------

--------------------------------APR#4:registration password success---------------------------

[INFO] random generated password1:     V7y9U!rUM
[INFO] Verify warning popup
[INFO] See erase data warning, click ok
[INFO] expected landing on Mnemonic Section
[INFO] skip backup Mnemonic
[INFO] No Permission Popup
--------------------------------APR#5 passed---------------------------

[INFO] update original password to V7y9U!rUM</system-out>
    </testcase>
  </testsuite>
  <testsuite name="password on recovery" timestamp="2019-08-19T08:59:09" tests="5" file="/home/aion/miao_ws/appium_ws/test_cases/password.test.js" failures="0" time="26.118000000000002">
    <testcase name="password format test suite password on recovery APC#1:recovery password too long" time="5.329" classname="APC#1:recovery password too long">
      <system-out>--------------------------------APC#1:recovery password too long---------------------------

[INFO] invalid long password:DJ#mBipeVuLM#pHoe7Ni
[INFO] Verify warning popup
--------------------------------APC#1 passed---------------------------
</system-out>
    </testcase>
    <testcase name="password format test suite password on recovery APC#2:recovery password too short" time="4.973" classname="APC#2:recovery password too short">
      <system-out>--------------------------------APC#2:recovery password too short---------------------------

[INFO] invalid short password:r5hYA
--------------------------------APC#2 passed---------------------------
</system-out>
    </testcase>
    <testcase name="password format test suite password on recovery APC#3:recovery passwords do not match" time="4.818" classname="APC#3:recovery passwords do not match">
      <system-out>--------------------------------APC#3:recovery passwords do not match---------------------------

[INFO] unmatched passwords:HvOaq0MErXdP,  CKBBG9Q5A
--------------------------------APC#3 passed---------------------------
</system-out>
    </testcase>
    <testcase name="password format test suite password on recovery APC#4:recovery password contains invalid character" time="4.843" classname="APC#4:recovery password contains invalid character">
      <system-out>--------------------------------APC#4:recovery password contains invalid character---------------------------

[INFO] invalid character password:C|6hj^:&quot;Ci	
--------------------------------APC#4 passed---------------------------
</system-out>
    </testcase>
    <testcase name="password format test suite password on recovery APC#5:positive recovery account flow" time="6.155" classname="APC#5:positive recovery account flow">
      <system-out>--------------------------------APC#5:positive recovery account flow---------------------------

[INFO] correct password:dqjlV9N#MT9r8Z
[INFO] see erase data warning
[INFO] new account password is:    dqjlV9N#MT9r8Z
--------------------------------APC#5 passed---------------------------
</system-out>
    </testcase>
  </testsuite>
  <testsuite name="password on changing password" timestamp="2019-08-19T08:59:42" tests="7" file="/home/aion/miao_ws/appium_ws/test_cases/password.test.js" failures="0" time="60.193">
    <testcase name="password format test suite password on changing password APCh#1: old password is incorrect" time="7.165" classname="APCh#1: old password is incorrect">
      <system-out>--------------------------------pre-each: navigate to changing password settings---------------------------

--------------------------------pre-each: passed---------------------------

--------------------------------APCh#1: old password is incorrect---------------------------

[INFO] actual old password: dqjlV9N#MT9r8Z; the incorrect password: C4#tENoA
[INFO] Saw Invalid_Old_Password_Msg popup
[INFO] Click Confirm button to close error popup.
--------------------------------APCh#1 passed---------------------------
</system-out>
    </testcase>
    <testcase name="password format test suite password on changing password APCh#2: new password is too long" time="7.516" classname="APCh#2: new password is too long">
      <system-out>--------------------------------pre-each: navigate to changing password settings---------------------------

--------------------------------APCh#2: new password is too long---------------------------

[INFO] invalid new password: rF!4g1ldA7LVjLsNTEfNMhlP6c
[INFO] Saw Invalid_New_Password_Msg popup
[INFO] Click Confirm button to close error popup.
--------------------------------APCh#2 passed---------------------------
</system-out>
    </testcase>
    <testcase name="password format test suite password on changing password APCh#3: new password is too short" time="7.54" classname="APCh#3: new password is too short">
      <system-out>--------------------------------pre-each: navigate to changing password settings---------------------------

--------------------------------APCh#3: new password is too short---------------------------

[INFO] invalid new password: UG
[INFO] Saw Invalid_New_Password_Msg popup
[INFO] Click Confirm button to close error popup.
--------------------------------APCh#3 passed---------------------------
</system-out>
    </testcase>
    <testcase name="password format test suite password on changing password APCh#4: new passwords do not match" time="7.465" classname="APCh#4: new passwords do not match">
      <system-out>--------------------------------pre-each: navigate to changing password settings---------------------------

--------------------------------APCh#4: new passwords do not match---------------------------

[INFO] password 1: cyFLDTljb; password 2: moYYY1Th5kEi88
[INFO] Saw Password_Change_Mismatch_Msg popup
[INFO] Click Confirm button to close error popup.
--------------------------------APCh#4 passed---------------------------
</system-out>
    </testcase>
    <testcase name="password format test suite password on changing password APCh#5: new password contains invalid character" time="7.402" classname="APCh#5: new password contains invalid character">
      <system-out>--------------------------------pre-each: navigate to changing password settings---------------------------

--------------------------------APCh#5: new password contains invalid character---------------------------

--------------------------------APCh#5 passed---------------------------
</system-out>
    </testcase>
    <testcase name="password format test suite password on changing password APCh#6: old password and new password are the same" time="7.381" classname="APCh#6: old password and new password are the same">
      <system-out>--------------------------------pre-each: navigate to changing password settings---------------------------

--------------------------------APCh#6: old password and new password are the same---------------------------

--------------------------------APCh#6 passed---------------------------
</system-out>
    </testcase>
    <testcase name="password format test suite password on changing password APCh#7: positive changing password workflow" time="15.724" classname="APCh#7: positive changing password workflow">
      <system-out>--------------------------------pre-each: navigate to changing password settings---------------------------

--------------------------------APCh#7: positive changing password workflow---------------------------

[INFO] new passsword updated to: 12345678
--------------------------------APCh#7 passed---------------------------
</system-out>
    </testcase>
  </testsuite>
</testsuites>